This is XeTeX, Version 3.141592653-2.6-0.999996 (TeX Live 2024) (preloaded format=xelatex 2024.9.14)  16 OCT 2025 17:31
entering extended mode
 \write18 enabled.
 %&-line parsing enabled.
**codebook.tex
(./codebook.tex
LaTeX2e <2024-06-01> patch level 2
L3 programming layer <2024-08-30>
(/usr/local/texlive/2024/texmf-dist/tex/latex/base/article.cls
Document Class: article 2024/02/08 v1.4n Standard LaTeX document class
(/usr/local/texlive/2024/texmf-dist/tex/latex/base/size10.clo
File: size10.clo 2024/02/08 v1.4n Standard LaTeX file (size option)
)
\c@part=\count190
\c@section=\count191
\c@subsection=\count192
\c@subsubsection=\count193
\c@paragraph=\count194
\c@subparagraph=\count195
\c@figure=\count196
\c@table=\count197
\abovecaptionskip=\skip49
\belowcaptionskip=\skip50
\bibindent=\dimen141
)
(/usr/local/texlive/2024/texmf-dist/tex/latex/amscls/amsthm.sty
Package: amsthm 2020/05/29 v2.20.6
\thm@style=\toks17
\thm@bodyfont=\toks18
\thm@headfont=\toks19
\thm@notefont=\toks20
\thm@headpunct=\toks21
\thm@preskip=\skip51
\thm@postskip=\skip52
\thm@headsep=\skip53
\dth@everypar=\toks22
)
(/usr/local/texlive/2024/texmf-dist/tex/latex/amsfonts/amssymb.sty
Package: amssymb 2013/01/14 v3.01 AMS font symbols

(/usr/local/texlive/2024/texmf-dist/tex/latex/amsfonts/amsfonts.sty
Package: amsfonts 2013/01/14 v3.01 Basic AMSFonts support
\@emptytoks=\toks23
\symAMSa=\mathgroup4
\symAMSb=\mathgroup5
LaTeX Font Info:    Redeclaring math symbol \hbar on input line 98.
LaTeX Font Info:    Overwriting math alphabet `\mathfrak' in version `bold'
(Font)                  U/euf/m/n --> U/euf/b/n on input line 106.
))
(/usr/local/texlive/2024/texmf-dist/tex/latex/fontspec/fontspec.sty
(/usr/local/texlive/2024/texmf-dist/tex/latex/l3packages/xparse/xparse.sty
(/usr/local/texlive/2024/texmf-dist/tex/latex/l3kernel/expl3.sty
Package: expl3 2024-08-30 L3 programming layer (loader) 

(/usr/local/texlive/2024/texmf-dist/tex/latex/l3backend/l3backend-xetex.def
File: l3backend-xetex.def 2024-05-08 L3 backend support: XeTeX
\g__graphics_track_int=\count198
\l__pdf_internal_box=\box52
\g__pdf_backend_annotation_int=\count199
\g__pdf_backend_link_int=\count266
))
Package: xparse 2024-08-16 L3 Experimental document command parser
)
Package: fontspec 2024/05/11 v2.9e Font selection for XeLaTeX and LuaLaTeX

(/usr/local/texlive/2024/texmf-dist/tex/latex/fontspec/fontspec-xetex.sty
Package: fontspec-xetex 2024/05/11 v2.9e Font selection for XeLaTeX and LuaLaTe
X
\l__fontspec_script_int=\count267
\l__fontspec_language_int=\count268
\l__fontspec_strnum_int=\count269
\l__fontspec_tmp_int=\count270
\l__fontspec_tmpa_int=\count271
\l__fontspec_tmpb_int=\count272
\l__fontspec_tmpc_int=\count273
\l__fontspec_em_int=\count274
\l__fontspec_emdef_int=\count275
\l__fontspec_strong_int=\count276
\l__fontspec_strongdef_int=\count277
\l__fontspec_tmpa_dim=\dimen142
\l__fontspec_tmpb_dim=\dimen143
\l__fontspec_tmpc_dim=\dimen144

(/usr/local/texlive/2024/texmf-dist/tex/latex/base/fontenc.sty
Package: fontenc 2021/04/29 v2.0v Standard LaTeX package
)
(/usr/local/texlive/2024/texmf-dist/tex/latex/fontspec/fontspec.cfg)))
(/usr/local/texlive/2024/texmf-dist/tex/latex/graphics/color.sty
Package: color 2024/01/14 v1.3d Standard LaTeX Color (DPC)

(/usr/local/texlive/2024/texmf-dist/tex/latex/graphics-cfg/color.cfg
File: color.cfg 2016/01/02 v1.6 sample color configuration
)
Package color Info: Driver file: xetex.def on input line 149.

(/usr/local/texlive/2024/texmf-dist/tex/latex/graphics-def/xetex.def
File: xetex.def 2022/09/22 v5.0n Graphics/color driver for xetex
)
(/usr/local/texlive/2024/texmf-dist/tex/latex/graphics/mathcolor.ltx))
(/usr/local/texlive/2024/texmf-dist/tex/latex/xcolor/xcolor.sty
Package: xcolor 2023/11/15 v3.01 LaTeX color extensions (UK)

(/usr/local/texlive/2024/texmf-dist/tex/latex/graphics-cfg/color.cfg
File: color.cfg 2016/01/02 v1.6 sample color configuration
)
Package xcolor Info: Driver file: xetex.def on input line 274.
LaTeX Info: Redefining \color on input line 758.

(/usr/local/texlive/2024/texmf-dist/tex/latex/graphics/mathcolor.ltx)
Package xcolor Info: Model `cmy' substituted by `cmy0' on input line 1350.
Package xcolor Info: Model `RGB' extended on input line 1366.
Package xcolor Info: Model `HTML' substituted by `rgb' on input line 1368.
Package xcolor Info: Model `Hsb' substituted by `hsb' on input line 1369.
Package xcolor Info: Model `tHsb' substituted by `hsb' on input line 1370.
Package xcolor Info: Model `HSB' substituted by `hsb' on input line 1371.
Package xcolor Info: Model `Gray' substituted by `gray' on input line 1372.
Package xcolor Info: Model `wave' substituted by `hsb' on input line 1373.
)
(/usr/local/texlive/2024/texmf-dist/tex/latex/xcolor/x11nam.def
File: x11nam.def 2023/11/15 v3.01 Predefined colors according to Unix/X11 (UK)
)
(/usr/local/texlive/2024/texmf-dist/tex/latex/listings/listings.sty
(/usr/local/texlive/2024/texmf-dist/tex/latex/graphics/keyval.sty
Package: keyval 2022/05/29 v1.15 key=value parser (DPC)
\KV@toks@=\toks24
)
\lst@mode=\count278
\lst@gtempboxa=\box53
\lst@token=\toks25
\lst@length=\count279
\lst@currlwidth=\dimen145
\lst@column=\count280
\lst@pos=\count281
\lst@lostspace=\dimen146
\lst@width=\dimen147
\lst@newlines=\count282
\lst@lineno=\count283
\lst@maxwidth=\dimen148

(/usr/local/texlive/2024/texmf-dist/tex/latex/listings/lstpatch.sty
File: lstpatch.sty 2024/05/25 1.10b (Carsten Heinz)
)
(/usr/local/texlive/2024/texmf-dist/tex/latex/listings/lstmisc.sty
File: lstmisc.sty 2024/05/25 1.10b (Carsten Heinz)
\c@lstnumber=\count284
\lst@skipnumbers=\count285
\lst@framebox=\box54
)
(/usr/local/texlive/2024/texmf-dist/tex/latex/listings/listings.cfg
File: listings.cfg 2024/05/25 1.10b listings configuration
))
Package: listings 2024/05/25 1.10b (Carsten Heinz)

(/usr/local/texlive/2024/texmf-dist/tex/latex/fancyhdr/fancyhdr.sty
Package: fancyhdr 2024/07/23 v4.3.1 Extensive control of page headers and foote
rs
\f@nch@headwidth=\skip54
\f@nch@O@elh=\skip55
\f@nch@O@erh=\skip56
\f@nch@O@olh=\skip57
\f@nch@O@orh=\skip58
\f@nch@O@elf=\skip59
\f@nch@O@erf=\skip60
\f@nch@O@olf=\skip61
\f@nch@O@orf=\skip62
)
(/usr/local/texlive/2024/texmf-dist/tex/latex/graphics/graphicx.sty
Package: graphicx 2021/09/16 v1.2d Enhanced LaTeX Graphics (DPC,SPQR)

(/usr/local/texlive/2024/texmf-dist/tex/latex/graphics/graphics.sty
Package: graphics 2024/05/23 v1.4g Standard LaTeX Graphics (DPC,SPQR)

(/usr/local/texlive/2024/texmf-dist/tex/latex/graphics/trig.sty
Package: trig 2023/12/02 v1.11 sin cos tan (DPC)
)
(/usr/local/texlive/2024/texmf-dist/tex/latex/graphics-cfg/graphics.cfg
File: graphics.cfg 2016/06/04 v1.11 sample graphics configuration
)
Package graphics Info: Driver file: xetex.def on input line 106.
)
\Gin@req@height=\dimen149
\Gin@req@width=\dimen150
)
(/usr/local/texlive/2024/texmf-dist/tex/latex/tools/enumerate.sty
Package: enumerate 2023/07/04 v3.00 enumerate extensions (DPC)
\@enLab=\toks26
)
(/usr/local/texlive/2024/texmf-dist/tex/latex/tools/multicol.sty
Package: multicol 2024/05/23 v1.9h multicolumn formatting (FMi)
\c@tracingmulticols=\count286


Package multicol Warning: May not work with the twocolumn option on input line 
139.

\mult@box=\box55
\multicol@leftmargin=\dimen151
\c@unbalance=\count287
\c@collectmore=\count288
\doublecol@number=\count289
\multicoltolerance=\count290
\multicolpretolerance=\count291
\full@width=\dimen152
\page@free=\dimen153
\premulticols=\dimen154
\postmulticols=\dimen155
\multicolsep=\skip63
\multicolbaselineskip=\skip64
\partial@page=\box56
\last@line=\box57
\mc@boxedresult=\box58
\maxbalancingoverflow=\dimen156
\mult@rightbox=\box59
\mult@grightbox=\box60
\mult@firstbox=\box61
\mult@gfirstbox=\box62
\@tempa=\box63
\@tempa=\box64
\@tempa=\box65
\@tempa=\box66
\@tempa=\box67
\@tempa=\box68
\@tempa=\box69
\@tempa=\box70
\@tempa=\box71
\@tempa=\box72
\@tempa=\box73
\@tempa=\box74
\@tempa=\box75
\@tempa=\box76
\@tempa=\box77
\@tempa=\box78
\@tempa=\box79
\@tempa=\box80
\@tempa=\box81
\@tempa=\box82
\@tempa=\box83
\@tempa=\box84
\@tempa=\box85
\@tempa=\box86
\@tempa=\box87
\@tempa=\box88
\@tempa=\box89
\@tempa=\box90
\@tempa=\box91
\@tempa=\box92
\@tempa=\box93
\@tempa=\box94
\@tempa=\box95
\@tempa=\box96
\@tempa=\box97
\@tempa=\box98
\c@minrows=\count292
\c@columnbadness=\count293
\c@finalcolumnbadness=\count294
\last@try=\dimen157
\multicolovershoot=\dimen158
\multicolundershoot=\dimen159
\mult@nat@firstbox=\box99
\colbreak@box=\box100
\mc@col@check@num=\count295
) (/usr/local/texlive/2024/texmf-dist/tex/latex/titlesec/titlesec.sty
Package: titlesec 2023/10/27 v2.16 Sectioning titles
\ttl@box=\box101
\beforetitleunit=\skip65
\aftertitleunit=\skip66
\ttl@plus=\dimen160
\ttl@minus=\dimen161
\ttl@toksa=\toks27
\titlewidth=\dimen162
\titlewidthlast=\dimen163
\titlewidthfirst=\dimen164
)
(/usr/local/texlive/2024/texmf-dist/tex/latex/amsmath/amsmath.sty
Package: amsmath 2024/05/23 v2.17q AMS math features
\@mathmargin=\skip67

For additional information on amsmath, use the `?' option.
(/usr/local/texlive/2024/texmf-dist/tex/latex/amsmath/amstext.sty
Package: amstext 2021/08/26 v2.01 AMS text

(/usr/local/texlive/2024/texmf-dist/tex/latex/amsmath/amsgen.sty
File: amsgen.sty 1999/11/30 v2.0 generic functions
\@emptytoks=\toks28
\ex@=\dimen165
))
(/usr/local/texlive/2024/texmf-dist/tex/latex/amsmath/amsbsy.sty
Package: amsbsy 1999/11/29 v1.2d Bold Symbols
\pmbraise@=\dimen166
)
(/usr/local/texlive/2024/texmf-dist/tex/latex/amsmath/amsopn.sty
Package: amsopn 2022/04/08 v2.04 operator names
)
\inf@bad=\count296
LaTeX Info: Redefining \frac on input line 233.
\uproot@=\count297
\leftroot@=\count298
LaTeX Info: Redefining \overline on input line 398.
LaTeX Info: Redefining \colon on input line 409.
\classnum@=\count299
\DOTSCASE@=\count300
LaTeX Info: Redefining \ldots on input line 495.
LaTeX Info: Redefining \dots on input line 498.
LaTeX Info: Redefining \cdots on input line 619.
\Mathstrutbox@=\box102
\strutbox@=\box103
LaTeX Info: Redefining \big on input line 721.
LaTeX Info: Redefining \Big on input line 722.
LaTeX Info: Redefining \bigg on input line 723.
LaTeX Info: Redefining \Bigg on input line 724.
\big@size=\dimen167
LaTeX Font Info:    Redeclaring font encoding OML on input line 742.
LaTeX Font Info:    Redeclaring font encoding OMS on input line 743.
\macc@depth=\count301
LaTeX Info: Redefining \bmod on input line 904.
LaTeX Info: Redefining \pmod on input line 909.
LaTeX Info: Redefining \smash on input line 939.
LaTeX Info: Redefining \relbar on input line 969.
LaTeX Info: Redefining \Relbar on input line 970.
\c@MaxMatrixCols=\count302
\dotsspace@=\muskip17
\c@parentequation=\count303
\dspbrk@lvl=\count304
\tag@help=\toks29
\row@=\count305
\column@=\count306
\maxfields@=\count307
\andhelp@=\toks30
\eqnshift@=\dimen168
\alignsep@=\dimen169
\tagshift@=\dimen170
\tagwidth@=\dimen171
\totwidth@=\dimen172
\lineht@=\dimen173
\@envbody=\toks31
\multlinegap=\skip68
\multlinetaggap=\skip69
\mathdisplay@stack=\toks32
LaTeX Info: Redefining \[ on input line 2953.
LaTeX Info: Redefining \] on input line 2954.
)
(/usr/local/texlive/2024/texmf-dist/tex/xelatex/xecjk/xeCJK.sty
Package: xeCJK 2022/08/05 v3.9.1 Typesetting CJK scripts with XeLaTeX

(/usr/local/texlive/2024/texmf-dist/tex/latex/ctex/ctexhook.sty
Package: ctexhook 2022/07/14 v2.5.10 Document and package hooks (CTEX)
)
(/usr/local/texlive/2024/texmf-dist/tex/latex/l3packages/xtemplate/xtemplate.st
y
Package: xtemplate 2024-08-16 L3 Experimental prototype document functions
)
\l__xeCJK_tmp_int=\count308
\l__xeCJK_tmp_box=\box104
\l__xeCJK_tmp_dim=\dimen174
\l__xeCJK_tmp_skip=\skip70
\g__xeCJK_space_factor_int=\count309
\l__xeCJK_begin_int=\count310
\l__xeCJK_end_int=\count311
\c__xeCJK_CJK_class_int=\XeTeXcharclass1
\c__xeCJK_FullLeft_class_int=\XeTeXcharclass2
\c__xeCJK_FullRight_class_int=\XeTeXcharclass3
\c__xeCJK_HalfLeft_class_int=\XeTeXcharclass4
\c__xeCJK_HalfRight_class_int=\XeTeXcharclass5
\c__xeCJK_NormalSpace_class_int=\XeTeXcharclass6
\c__xeCJK_CM_class_int=\XeTeXcharclass7
\c__xeCJK_HangulJamo_class_int=\XeTeXcharclass8
\l__xeCJK_last_skip=\skip71
\c__xeCJK_none_node=\count312
\g__xeCJK_node_int=\count313
\c__xeCJK_CJK_node_dim=\dimen175
\c__xeCJK_CJK-space_node_dim=\dimen176
\c__xeCJK_default_node_dim=\dimen177
\c__xeCJK_CJK-widow_node_dim=\dimen178
\c__xeCJK_normalspace_node_dim=\dimen179
\c__xeCJK_default-space_node_skip=\skip72
\l__xeCJK_ccglue_skip=\skip73
\l__xeCJK_ecglue_skip=\skip74
\l__xeCJK_punct_kern_skip=\skip75
\l__xeCJK_indent_box=\box105
\l__xeCJK_last_penalty_int=\count314
\l__xeCJK_last_bound_dim=\dimen180
\l__xeCJK_last_kern_dim=\dimen181
\l__xeCJK_widow_penalty_int=\count315

LaTeX template Info: Declaring template type 'xeCJK/punctuation' taking 0
(template)           argument(s) on line 2396.

\l__xeCJK_fixed_punct_width_dim=\dimen182
\l__xeCJK_mixed_punct_width_dim=\dimen183
\l__xeCJK_middle_punct_width_dim=\dimen184
\l__xeCJK_fixed_margin_width_dim=\dimen185
\l__xeCJK_mixed_margin_width_dim=\dimen186
\l__xeCJK_middle_margin_width_dim=\dimen187
\l__xeCJK_bound_punct_width_dim=\dimen188
\l__xeCJK_bound_margin_width_dim=\dimen189
\l__xeCJK_margin_minimum_dim=\dimen190
\l__xeCJK_kerning_total_width_dim=\dimen191
\l__xeCJK_same_align_margin_dim=\dimen192
\l__xeCJK_different_align_margin_dim=\dimen193
\l__xeCJK_kerning_margin_width_dim=\dimen194
\l__xeCJK_kerning_margin_minimum_dim=\dimen195
\l__xeCJK_bound_dim=\dimen196
\l__xeCJK_reverse_bound_dim=\dimen197
\l__xeCJK_margin_dim=\dimen198
\l__xeCJK_minimum_bound_dim=\dimen199
\l__xeCJK_kerning_margin_dim=\dimen256
\g__xeCJK_family_int=\count316
\l__xeCJK_fam_int=\count317
\g__xeCJK_fam_allocation_int=\count318
\l__xeCJK_verb_case_int=\count319
\l__xeCJK_verb_exspace_skip=\skip76
 (/usr/local/texlive/2024/texmf-dist/tex/xelatex/xecjk/xeCJK-listings.sty
Package: xeCJK-listings 2022/08/05 v3.9.1 xeCJK patch file for listings
\l__xeCJK_listings_max_char_int=\count320
\l__xeCJK_listings_flag_int=\count321
)
(/usr/local/texlive/2024/texmf-dist/tex/xelatex/xecjk/xeCJK.cfg
File: xeCJK.cfg 2022/08/05 v3.9.1 Configuration file for xeCJK package
))
(/usr/local/texlive/2024/texmf-dist/tex/latex/savetrees/savetrees.sty
Package: savetrees 2016/04/13 v2.4 Pack as much text as possible onto each page


(/usr/local/texlive/2024/texmf-dist/tex/latex/xkeyval/xkeyval.sty
Package: xkeyval 2022/06/16 v2.9 package option processing (HA)

(/usr/local/texlive/2024/texmf-dist/tex/generic/xkeyval/xkeyval.tex
(/usr/local/texlive/2024/texmf-dist/tex/generic/xkeyval/xkvutils.tex
\XKV@toks=\toks33
\XKV@tempa@toks=\toks34
)
\XKV@depth=\count322
File: xkeyval.tex 2014/12/03 v2.7a key=value parser (HA)
))
(/usr/local/texlive/2024/texmf-dist/tex/generic/iftex/ifpdf.sty
Package: ifpdf 2019/10/25 v3.4 ifpdf legacy package. Use iftex instead.

(/usr/local/texlive/2024/texmf-dist/tex/generic/iftex/iftex.sty
Package: iftex 2022/02/03 v1.0f TeX engine tests
))
(/usr/local/texlive/2024/texmf-dist/tex/generic/iftex/ifluatex.sty
Package: ifluatex 2019/10/25 v1.5 ifluatex legacy package. Use iftex instead.
)
\everypar=\toks35
)
(/usr/local/texlive/2024/texmf-dist/tex/latex/geometry/geometry.sty
Package: geometry 2020/01/02 v5.9 Page Geometry

(/usr/local/texlive/2024/texmf-dist/tex/generic/iftex/ifvtex.sty
Package: ifvtex 2019/10/25 v1.7 ifvtex legacy package. Use iftex instead.
)
\Gm@cnth=\count323
\Gm@cntv=\count324
\c@Gm@tempcnt=\count325
\Gm@bindingoffset=\dimen257
\Gm@wd@mp=\dimen258
\Gm@odd@mp=\dimen259
\Gm@even@mp=\dimen260
\Gm@layoutwidth=\dimen261
\Gm@layoutheight=\dimen262
\Gm@layouthoffset=\dimen263
\Gm@layoutvoffset=\dimen264
\Gm@dimlist=\toks36
)
(/usr/local/texlive/2024/texmf-dist/tex/latex/tools/calc.sty
Package: calc 2023/07/08 v4.3 Infix arithmetic (KKT,FJ)
\calc@Acount=\count326
\calc@Bcount=\count327
\calc@Adimen=\dimen265
\calc@Bdimen=\dimen266
\calc@Askip=\skip77
\calc@Bskip=\skip78
LaTeX Info: Redefining \setlength on input line 80.
LaTeX Info: Redefining \addtolength on input line 81.
\calc@Ccount=\count328
\calc@Cskip=\skip79
)
(/usr/local/texlive/2024/texmf-dist/tex/latex/tools/array.sty
Package: array 2024/06/14 v2.6d Tabular extension package (FMi)
\col@sep=\dimen267
\ar@mcellbox=\box106
\extrarowheight=\dimen268
\NC@list=\toks37
\extratabsurround=\skip80
\backup@length=\skip81
\ar@cellbox=\box107
)
(/usr/local/texlive/2024/texmf-dist/tex/latex/psnfss/courier.sty
Package: courier 2020/03/25 PSNFSS-v9.3 (WaS) 
)

Package fontspec Info: 
(fontspec)             Could not resolve font "Noto Sans CJK TC/I" (it
(fontspec)             probably doesn't exist).


Package fontspec Info: 
(fontspec)             Font family 'NotoSansCJKTC(0)' created for font 'Noto
(fontspec)             Sans CJK TC' with options [Ligatures=TeX].
(fontspec)              
(fontspec)              This font family consists of the following NFSS
(fontspec)             series/shapes:
(fontspec)              
(fontspec)             - 'normal' (m/n) with NFSS spec.: <->"Noto Sans CJK
(fontspec)             TC/OT:script=latn;language=dflt;mapping=tex-text;"
(fontspec)             - 'bold' (b/n) with NFSS spec.: <->"Noto Sans CJK
(fontspec)             TC/B/OT:script=latn;language=dflt;mapping=tex-text;"
(fontspec)             - 'bold italic' (b/it) with NFSS spec.: <->"Noto Sans
(fontspec)             CJK
(fontspec)             TC/BI/OT:script=latn;language=dflt;mapping=tex-text;"


Package fontspec Info: 
(fontspec)             Font family 'JetBrainsMonoNerdFont(0)' created for font
(fontspec)             'JetBrainsMono Nerd Font' with options
(fontspec)             [WordSpace={1,0,0},HyphenChar=None,PunctuationSpace=Word
Space].
(fontspec)              
(fontspec)              This font family consists of the following NFSS
(fontspec)             series/shapes:
(fontspec)              
(fontspec)             - 'normal' (m/n) with NFSS spec.: <->"JetBrainsMono
(fontspec)             Nerd Font/OT:script=latn;language=dflt;"
(fontspec)             - 'bold' (b/n) with NFSS spec.: <->"JetBrainsMono Nerd
(fontspec)             Font/B/OT:script=latn;language=dflt;"
(fontspec)             - 'italic' (m/it) with NFSS spec.: <->"JetBrainsMono
(fontspec)             Nerd Font/I/OT:script=latn;language=dflt;"
(fontspec)             - 'bold italic' (b/it) with NFSS spec.:
(fontspec)             <->"JetBrainsMono Nerd
(fontspec)             Font/BI/OT:script=latn;language=dflt;"

\BBQube@token=\toks38
\BBQube@length=\count329

(/usr/local/texlive/2024/texmf-dist/tex/latex/listings/lstlang1.sty
File: lstlang1.sty 2024/05/25 1.10b listings language file
)
(/usr/local/texlive/2024/texmf-dist/tex/latex/listings/lstlang1.sty
File: lstlang1.sty 2024/05/25 1.10b listings language file
)
(/usr/local/texlive/2024/texmf-dist/tex/latex/listings/lstmisc.sty
File: lstmisc.sty 2024/05/25 1.10b (Carsten Heinz)
)

Package xeCJK Warning: Fandol is being set as the default font for CJK text.
(xeCJK)                Please make sure it has been properly installed.


Package fontspec Info: 
(fontspec)             Script 'CJK' not explicitly supported within font
(fontspec)             'FandolSong-Regular'. Check the typeset output, and if
(fontspec)             it is okay then ignore this warning. Otherwise a
(fontspec)             different font should be chosen.


Package fontspec Info: 
(fontspec)             Font family 'FandolSong-Regular(0)' created for font
(fontspec)             'FandolSong-Regular' with options
(fontspec)             [Script={CJK},Extension={.otf},BoldFont={FandolSong-Bold
},ItalicFont={FandolKai-Regular}].
(fontspec)              
(fontspec)              This font family consists of the following NFSS
(fontspec)             series/shapes:
(fontspec)              
(fontspec)             - 'normal' (m/n) with NFSS spec.:
(fontspec)             <->"[FandolSong-Regular.otf]/OT:script=hani;language=dfl
t;"
(fontspec)             - 'bold' (b/n) with NFSS spec.:
(fontspec)             <->"[FandolSong-Bold.otf]/OT:script=hani;language=dflt;"

(fontspec)             - 'italic' (m/it) with NFSS spec.:
(fontspec)             <->"[FandolKai-Regular.otf]/OT:script=hani;language=dflt
;"

\symCJKmath=\mathgroup255
LaTeX Font Info:    Overwriting symbol font `CJKmath' in version `bold'
(Font)                  TU/FandolSong-Regular(0)/m/n --> TU/FandolSong-Regular(
0)/b/n on input line 148.
(./codebook.aux)
\openout1 = `codebook.aux'.

LaTeX Font Info:    Checking defaults for OML/cmm/m/it on input line 148.
LaTeX Font Info:    ... okay on input line 148.
LaTeX Font Info:    Checking defaults for OMS/cmsy/m/n on input line 148.
LaTeX Font Info:    ... okay on input line 148.
LaTeX Font Info:    Checking defaults for OT1/cmr/m/n on input line 148.
LaTeX Font Info:    ... okay on input line 148.
LaTeX Font Info:    Checking defaults for T1/cmr/m/n on input line 148.
LaTeX Font Info:    ... okay on input line 148.
LaTeX Font Info:    Checking defaults for TS1/cmr/m/n on input line 148.
LaTeX Font Info:    Trying to load font information for TS1+cmr on input line 1
48.
 (/usr/local/texlive/2024/texmf-dist/tex/latex/base/ts1cmr.fd
File: ts1cmr.fd 2023/04/13 v2.5m Standard LaTeX font definitions
)
LaTeX Font Info:    ... okay on input line 148.
LaTeX Font Info:    Checking defaults for TU/lmr/m/n on input line 148.
LaTeX Font Info:    ... okay on input line 148.
LaTeX Font Info:    Checking defaults for OMX/cmex/m/n on input line 148.
LaTeX Font Info:    ... okay on input line 148.
LaTeX Font Info:    Checking defaults for U/cmr/m/n on input line 148.
LaTeX Font Info:    ... okay on input line 148.

Package fontspec Info: 
(fontspec)             Adjusting the maths setup (use [no-math] to avoid
(fontspec)             this).

\symlegacymaths=\mathgroup6
LaTeX Font Info:    Overwriting symbol font `legacymaths' in version `bold'
(Font)                  OT1/cmr/m/n --> OT1/cmr/bx/n on input line 148.
LaTeX Font Info:    Redeclaring math accent \acute on input line 148.
LaTeX Font Info:    Redeclaring math accent \grave on input line 148.
LaTeX Font Info:    Redeclaring math accent \ddot on input line 148.
LaTeX Font Info:    Redeclaring math accent \tilde on input line 148.
LaTeX Font Info:    Redeclaring math accent \bar on input line 148.
LaTeX Font Info:    Redeclaring math accent \breve on input line 148.
LaTeX Font Info:    Redeclaring math accent \check on input line 148.
LaTeX Font Info:    Redeclaring math accent \hat on input line 148.
LaTeX Font Info:    Redeclaring math accent \dot on input line 148.
LaTeX Font Info:    Redeclaring math accent \mathring on input line 148.
LaTeX Font Info:    Redeclaring math symbol \Gamma on input line 148.
LaTeX Font Info:    Redeclaring math symbol \Delta on input line 148.
LaTeX Font Info:    Redeclaring math symbol \Theta on input line 148.
LaTeX Font Info:    Redeclaring math symbol \Lambda on input line 148.
LaTeX Font Info:    Redeclaring math symbol \Xi on input line 148.
LaTeX Font Info:    Redeclaring math symbol \Pi on input line 148.
LaTeX Font Info:    Redeclaring math symbol \Sigma on input line 148.
LaTeX Font Info:    Redeclaring math symbol \Upsilon on input line 148.
LaTeX Font Info:    Redeclaring math symbol \Phi on input line 148.
LaTeX Font Info:    Redeclaring math symbol \Psi on input line 148.
LaTeX Font Info:    Redeclaring math symbol \Omega on input line 148.
LaTeX Font Info:    Redeclaring math symbol \mathdollar on input line 148.
LaTeX Font Info:    Redeclaring symbol font `operators' on input line 148.
LaTeX Font Info:    Encoding `OT1' has changed to `TU' for symbol font
(Font)              `operators' in the math version `normal' on input line 148.

LaTeX Font Info:    Overwriting symbol font `operators' in version `normal'
(Font)                  OT1/cmr/m/n --> TU/NotoSansCJKTC(0)/m/n on input line 1
48.
LaTeX Font Info:    Encoding `OT1' has changed to `TU' for symbol font
(Font)              `operators' in the math version `bold' on input line 148.
LaTeX Font Info:    Overwriting symbol font `operators' in version `bold'
(Font)                  OT1/cmr/bx/n --> TU/NotoSansCJKTC(0)/m/n on input line 
148.
LaTeX Font Info:    Overwriting symbol font `operators' in version `normal'
(Font)                  TU/NotoSansCJKTC(0)/m/n --> TU/NotoSansCJKTC(0)/m/n on 
input line 148.
LaTeX Font Info:    Overwriting math alphabet `\mathit' in version `normal'
(Font)                  OT1/cmr/m/it --> TU/NotoSansCJKTC(0)/m/it on input line
 148.
LaTeX Font Info:    Overwriting math alphabet `\mathbf' in version `normal'
(Font)                  OT1/cmr/bx/n --> TU/NotoSansCJKTC(0)/b/n on input line 
148.
LaTeX Font Info:    Overwriting math alphabet `\mathsf' in version `normal'
(Font)                  OT1/cmss/m/n --> TU/lmss/m/n on input line 148.
LaTeX Font Info:    Overwriting math alphabet `\mathtt' in version `normal'
(Font)                  OT1/cmtt/m/n --> TU/JetBrainsMonoNerdFont(0)/m/n on inp
ut line 148.
LaTeX Font Info:    Overwriting symbol font `operators' in version `bold'
(Font)                  TU/NotoSansCJKTC(0)/m/n --> TU/NotoSansCJKTC(0)/b/n on 
input line 148.
LaTeX Font Info:    Overwriting math alphabet `\mathit' in version `bold'
(Font)                  OT1/cmr/bx/it --> TU/NotoSansCJKTC(0)/b/it on input lin
e 148.
LaTeX Font Info:    Overwriting math alphabet `\mathsf' in version `bold'
(Font)                  OT1/cmss/bx/n --> TU/lmss/b/n on input line 148.
LaTeX Font Info:    Overwriting math alphabet `\mathtt' in version `bold'
(Font)                  OT1/cmtt/m/n --> TU/JetBrainsMonoNerdFont(0)/b/n on inp
ut line 148.
\c@lstlisting=\count330

*geometry* driver: auto-detecting
*geometry* detected driver: xetex
*geometry* verbose mode - [ preamble ] result:
* driver: xetex
* paper: a4paper
* layout: <same size as paper>
* layoutoffset:(h,v)=(0.0pt,0.0pt)
* modes: includefoot 
* h-part:(L,W,R)=(42.67912pt, 512.14963pt, 42.67912pt)
* v-part:(T,H,B)=(42.67912pt, 759.6886pt, 42.67912pt)
* \paperwidth=597.50787pt
* \paperheight=845.04684pt
* \textwidth=545.0pt
* \textheight=780.0pt
* \oddsidemargin=0.0pt
* \evensidemargin=0.0pt
* \topmargin=0.0pt
* \headheight=12.0pt
* \headsep=5.0pt
* \topskip=10.0pt
* \footskip=0.0pt
* \marginparwidth=0.0pt
* \marginparsep=0.0pt
* \columnsep=10.0pt
* \skip\footins=9.0pt plus 4.0pt minus 2.0pt
* \hoffset=-42.0pt
* \voffset=-40.0pt
* \mag=1000
* \@twocolumntrue
* \@twosidefalse
* \@mparswitchfalse
* \@reversemarginfalse
* (1in=72.27pt=25.4mm, 1cm=28.453pt)

(./codebook.toc
LaTeX Font Info:    Trying to load font information for U+msa on input line 2.
 (/usr/local/texlive/2024/texmf-dist/tex/latex/amsfonts/umsa.fd
File: umsa.fd 2013/01/14 v3.01 AMS symbols A
)
LaTeX Font Info:    Trying to load font information for U+msb on input line 2.
(/usr/local/texlive/2024/texmf-dist/tex/latex/amsfonts/umsb.fd
File: umsb.fd 2013/01/14 v3.01 AMS symbols B
))
\tf@toc=\write3
\openout3 = `codebook.toc'.

 (./content.tex (/usr/local/texlive/2024/texmf-dist/tex/latex/listings/lstlang1
.sty
File: lstlang1.sty 2024/05/25 1.10b listings language file
)
(/usr/local/texlive/2024/texmf-dist/tex/latex/listings/lstlang1.sty
File: lstlang1.sty 2024/05/25 1.10b listings language file
)

Package fontspec Info: 
(fontspec)             Script 'CJK' not explicitly supported within font
(fontspec)             'FandolFang-Regular'. Check the typeset output, and if
(fontspec)             it is okay then ignore this warning. Otherwise a
(fontspec)             different font should be chosen.


Package fontspec Info: 
(fontspec)             Font family 'FandolFang-Regular(0)' created for font
(fontspec)             'FandolFang-Regular' with options
(fontspec)             [Script={CJK},Extension={.otf}].
(fontspec)              
(fontspec)              This font family consists of the following NFSS
(fontspec)             series/shapes:
(fontspec)              
(fontspec)             - 'normal' (m/n) with NFSS spec.:
(fontspec)             <->"[FandolFang-Regular.otf]/OT:script=hani;language=dfl
t;"


(./Misc/.vimrc)
(|cpp Misc/default.cpp -dD -P -fpreprocessed | tr -d '[:space:]' | md5sum | cut
 -c-6) (./Misc/default.cpp) (./Misc/commands.sh) (./Misc/test.sh

)
(|cpp Misc/extend.cpp -dD -P -fpreprocessed | tr -d '[:space:]' | md5sum | cut 
-c-6) (./Misc/extend.cpp)
(|cpp Misc/Pragma.cpp -dD -P -fpreprocessed | tr -d '[:space:]' | md5sum | cut 
-c-6) (./Misc/Pragma.cpp)
(|cpp Misc/FastIO.cpp -dD -P -fpreprocessed | tr -d '[:space:]' | md5sum | cut 
-c-6) (./Misc/FastIO.cpp)
(|cpp Geometry/GeometryTemplate.cpp -dD -P -fpreprocessed | tr -d '[:space:]' |
 md5sum | cut -c-6) (./Geometry/GeometryTemplate.cpp


Package fancyhdr Warning: \footskip is too small (0.0pt): 
(fancyhdr)                Make it at least 3.60004pt, for example:
(fancyhdr)                \setlength{\footskip}{3.60004pt}.

[1

]
Underfull \vbox (badness 10000) has occurred while \output is active []



)
(|cpp Geometry/EnclosingCircle.cpp -dD -P -fpreprocessed | tr -d '[:space:]' | 
md5sum | cut -c-6) (./Geometry/EnclosingCircle.cpp)
(|cpp Geometry/FindConvexHull.cpp -dD -P -fpreprocessed | tr -d '[:space:]' | m
d5sum | cut -c-6) (./Geometry/FindConvexHull.cpp


Package fancyhdr Warning: \footskip is too small (0.0pt): 
(fancyhdr)                Make it at least 3.60004pt, for example:
(fancyhdr)                \setlength{\footskip}{3.60004pt}.

[2])
(|cpp Geometry/PolarAngleVector.cpp -dD -P -fpreprocessed | tr -d '[:space:]' |
 md5sum | cut -c-6) (./Geometry/PolarAngleVector.cpp)
(|cpp Geometry/InConvexHull.cpp -dD -P -fpreprocessed | tr -d '[:space:]' | md5
sum | cut -c-6) (./Geometry/InConvexHull.cpp)
(|cpp Geometry/Intersects.cpp -dD -P -fpreprocessed | tr -d '[:space:]' | md5su
m | cut -c-6) (./Geometry/Intersects.cpp)
(|cpp Geometry/MinkowskiSum.cpp -dD -P -fpreprocessed | tr -d '[:space:]' | md5
sum | cut -c-6) (./Geometry/MinkowskiSum.cpp

)
(|cpp Geometry/PolarAngleSort.cpp -dD -P -fpreprocessed | tr -d '[:space:]' | m
d5sum | cut -c-6) (./Geometry/PolarAngleSort.cpp)
(|cpp Geometry/RotationSweepLine.cpp -dD -P -fpreprocessed | tr -d '[:space:]' 
| md5sum | cut -c-6) (./Geometry/RotationSweepLine.cpp)


Package fancyhdr Warning: \footskip is too small (0.0pt): 
(fancyhdr)                Make it at least 3.60004pt, for example:
(fancyhdr)                \setlength{\footskip}{3.60004pt}.

[3]
(|cpp Geometry/HalfPlaneIntersect.cpp -dD -P -fpreprocessed | tr -d '[:space:]'
 | md5sum | cut -c-6) (./Geometry/HalfPlaneIntersect.cpp)
(|cpp Geometry/IntersectionLineConvex.cpp -dD -P -fpreprocessed | tr -d '[:spac
e:]' | md5sum | cut -c-6) (./Geometry/IntersectionLineConvex.cpp

)
(|cpp Geometry/TangentPointToHull.cpp -dD -P -fpreprocessed | tr -d '[:space:]'
 | md5sum | cut -c-6) (./Geometry/TangentPointToHull.cpp)
(|cpp Graph/BellmonFord.cpp -dD -P -fpreprocessed | tr -d '[:space:]' | md5sum 
| cut -c-6) (./Graph/BellmonFord.cpp)
(|cpp Graph/BlockCutTree.cpp -dD -P -fpreprocessed | tr -d '[:space:]' | md5sum
 | cut -c-6) (./Graph/BlockCutTree.cpp


Package fancyhdr Warning: \footskip is too small (0.0pt): 
(fancyhdr)                Make it at least 3.60004pt, for example:
(fancyhdr)                \setlength{\footskip}{3.60004pt}.

[4])
(|cpp Graph/VertexBCC.cpp -dD -P -fpreprocessed | tr -d '[:space:]' | md5sum | 
cut -c-6) (./Graph/VertexBCC.cpp

)
(|cpp Graph/EdgeBCC.cpp -dD -P -fpreprocessed | tr -d '[:space:]' | md5sum | cu
t -c-6) (./Graph/EdgeBCC.cpp)
(|cpp Graph/CentroidDecomposition.cpp -dD -P -fpreprocessed | tr -d '[:space:]'
 | md5sum | cut -c-6) (./Graph/CentroidDecomposition.cpp


Package fancyhdr Warning: \footskip is too small (0.0pt): 
(fancyhdr)                Make it at least 3.60004pt, for example:
(fancyhdr)                \setlength{\footskip}{3.60004pt}.

[5])
(|cpp Graph/CountC3.cpp -dD -P -fpreprocessed | tr -d '[:space:]' | md5sum | cu
t -c-6) (./Graph/CountC3.cpp)
(|cpp Graph/CountC4.cpp -dD -P -fpreprocessed | tr -d '[:space:]' | md5sum | cu
t -c-6)

(./Graph/CountC4.cpp)
(|cpp Graph/DirectedMST.cpp -dD -P -fpreprocessed | tr -d '[:space:]' | md5sum 
| cut -c-6) (./Graph/DirectedMST.cpp


Package fancyhdr Warning: \footskip is too small (0.0pt): 
(fancyhdr)                Make it at least 3.60004pt, for example:
(fancyhdr)                \setlength{\footskip}{3.60004pt}.

[6])
(|cpp Graph/DominatorTree.cpp -dD -P -fpreprocessed | tr -d '[:space:]' | md5su
m | cut -c-6) (./Graph/DominatorTree.cpp

)
(|cpp Graph/EulerianPath.cpp -dD -P -fpreprocessed | tr -d '[:space:]' | md5sum
 | cut -c-6) (./Graph/EulerianPath.cpp)
(|cpp Graph/GomoryHu.cpp -dD -P -fpreprocessed | tr -d '[:space:]' | md5sum | c
ut -c-6) (./Graph/GomoryHu.cpp


Package fancyhdr Warning: \footskip is too small (0.0pt): 
(fancyhdr)                Make it at least 3.60004pt, for example:
(fancyhdr)                \setlength{\footskip}{3.60004pt}.

[7])
(|cpp Graph/HeavyLightDecomposition.cpp -dD -P -fpreprocessed | tr -d '[:space:
]' | md5sum | cut -c-6) (./Graph/HeavyLightDecomposition.cpp)
(|cpp Graph/Hopcroft-karp.cpp -dD -P -fpreprocessed | tr -d '[:space:]' | md5su
m | cut -c-6) (./Graph/Hopcroft-karp.cpp

)
(|cpp Graph/KM.cpp -dD -P -fpreprocessed | tr -d '[:space:]' | md5sum | cut -c-
6) (./Graph/KM.cpp


Package fancyhdr Warning: \footskip is too small (0.0pt): 
(fancyhdr)                Make it at least 3.60004pt, for example:
(fancyhdr)                \setlength{\footskip}{3.60004pt}.

[8])
(|cpp Graph/GeneralMatching.cpp -dD -P -fpreprocessed | tr -d '[:space:]' | md5
sum | cut -c-6) (./Graph/GeneralMatching.cpp

)
(|cpp Graph/MaxClique.cpp -dD -P -fpreprocessed | tr -d '[:space:]' | md5sum | 
cut -c-6)


Package fancyhdr Warning: \footskip is too small (0.0pt): 
(fancyhdr)                Make it at least 3.60004pt, for example:
(fancyhdr)                \setlength{\footskip}{3.60004pt}.

[9] (./Graph/MaxClique.cpp)
(|cpp Graph/MaxFlow.cpp -dD -P -fpreprocessed | tr -d '[:space:]' | md5sum | cu
t -c-6) (./Graph/MaxFlow.cpp

)
(|cpp Graph/FlowWithDemand.cpp -dD -P -fpreprocessed | tr -d '[:space:]' | md5s
um | cut -c-6) (./Graph/FlowWithDemand.cpp


Package fancyhdr Warning: \footskip is too small (0.0pt): 
(fancyhdr)                Make it at least 3.60004pt, for example:
(fancyhdr)                \setlength{\footskip}{3.60004pt}.

[10])
(|cpp Graph/MaxFlowMinCost.cpp -dD -P -fpreprocessed | tr -d '[:space:]' | md5s
um | cut -c-6) (./Graph/MaxFlowMinCost.cpp

)
(|cpp Graph/MCMFWithDemand.cpp -dD -P -fpreprocessed | tr -d '[:space:]' | md5s
um | cut -c-6) (./Graph/MCMFWithDemand.cpp


Package fancyhdr Warning: \footskip is too small (0.0pt): 
(fancyhdr)                Make it at least 3.60004pt, for example:
(fancyhdr)                \setlength{\footskip}{3.60004pt}.

[11])
(|cpp Graph/SCC.cpp -dD -P -fpreprocessed | tr -d '[:space:]' | md5sum | cut -c
-6) (./Graph/SCC.cpp)
(|cpp Graph/SPFA.cpp -dD -P -fpreprocessed | tr -d '[:space:]' | md5sum | cut -
c-6) (./Graph/SPFA.cpp

)
(|cpp Graph/TwoSAT.cpp -dD -P -fpreprocessed | tr -d '[:space:]' | md5sum | cut
 -c-6) (./Graph/TwoSAT.cpp)
(|cpp Math/BigInt.cpp -dD -P -fpreprocessed | tr -d '[:space:]' | md5sum | cut 
-c-6) (./Math/BigInt.cpp


Package fancyhdr Warning: \footskip is too small (0.0pt): 
(fancyhdr)                Make it at least 3.60004pt, for example:
(fancyhdr)                \setlength{\footskip}{3.60004pt}.

[12]
Underfull \vbox (badness 10000) has occurred while \output is active []



)
(|cpp Math/ModInt.cpp -dD -P -fpreprocessed | tr -d '[:space:]' | md5sum | cut 
-c-6) (./Math/ModInt.cpp


Package fancyhdr Warning: \footskip is too small (0.0pt): 
(fancyhdr)                Make it at least 3.60004pt, for example:
(fancyhdr)                \setlength{\footskip}{3.60004pt}.

[13])
(|cpp Math/Fraction.cpp -dD -P -fpreprocessed | tr -d '[:space:]' | md5sum | cu
t -c-6) (./Math/Fraction.cpp)
(|cpp Math/FastWalshTransform.cpp -dD -P -fpreprocessed | tr -d '[:space:]' | m
d5sum | cut -c-6) (./Math/FastWalshTransform.cpp

)
(|cpp Math/FFT.cpp -dD -P -fpreprocessed | tr -d '[:space:]' | md5sum | cut -c-
6) (./Math/FFT.cpp


Package fancyhdr Warning: \footskip is too small (0.0pt): 
(fancyhdr)                Make it at least 3.60004pt, for example:
(fancyhdr)                \setlength{\footskip}{3.60004pt}.

[14])
(|cpp Math/NTT.cpp -dD -P -fpreprocessed | tr -d '[:space:]' | md5sum | cut -c-
6) (./Math/NTT.cpp)
(|cpp Math/Polynomial.cpp -dD -P -fpreprocessed | tr -d '[:space:]' | md5sum | 
cut -c-6) (./Math/Polynomial.cpp

)
(|cpp Math/GeneralBitConv.cpp -dD -P -fpreprocessed | tr -d '[:space:]' | md5su
m | cut -c-6) (./Math/GeneralBitConv.cpp


Package fancyhdr Warning: \footskip is too small (0.0pt): 
(fancyhdr)                Make it at least 3.60004pt, for example:
(fancyhdr)                \setlength{\footskip}{3.60004pt}.

[15])
(|cpp Math/MillerRabin.cpp -dD -P -fpreprocessed | tr -d '[:space:]' | md5sum |
 cut -c-6) (./Math/MillerRabin.cpp

)
(|cpp Math/PollardRho.cpp -dD -P -fpreprocessed | tr -d '[:space:]' | md5sum | 
cut -c-6) (./Math/PollardRho.cpp)
(|cpp Math/DiscreteLog.cpp -dD -P -fpreprocessed | tr -d '[:space:]' | md5sum |
 cut -c-6) (./Math/DiscreteLog.cpp)
(|cpp Math/Exgcd.cpp -dD -P -fpreprocessed | tr -d '[:space:]' | md5sum | cut -
c-6) (./Math/Exgcd.cpp)
(|cpp Math/SuperEuclid.cpp -dD -P -fpreprocessed | tr -d '[:space:]' | md5sum |
 cut -c-6) (./Math/SuperEuclid.cpp


Package fancyhdr Warning: \footskip is too small (0.0pt): 
(fancyhdr)                Make it at least 3.60004pt, for example:
(fancyhdr)                \setlength{\footskip}{3.60004pt}.

[16]) (./Math/Simplex.tex)
(|cpp Math/Simplex.cpp -dD -P -fpreprocessed | tr -d '[:space:]' | md5sum | cut
 -c-6) (./Math/Simplex.cpp

) (./Math/Theorem.tex
Underfull \hbox (badness 2050) in paragraph at lines 2--9
[]\TU/NotoSansCJKTC(0)/m/n/8 LTE Lemma $\OML/cmm/m/it/8 ^^W[]\OT1/cmr/m/n/8 (\O
ML/cmm/m/it/8 x[] \OMS/cmsy/m/n/8 ^^@ \OML/cmm/m/it/8 y[]\OT1/cmr/m/n/8 ) = \OM
L/cmm/m/it/8 ^^W[]\OT1/cmr/m/n/8 (\OML/cmm/m/it/8 x \OMS/cmsy/m/n/8 ^^@ \OML/cm
m/m/it/8 y\OT1/cmr/m/n/8 ) + \OML/cmm/m/it/8 ^^W[]\OT1/cmr/m/n/8 (\OML/cmm/m/it
/8 n\OT1/cmr/m/n/8 )$\TU/NotoSansCJKTC(0)/m/n/8 , if $\OML/cmm/m/it/8 p\OMS/cms
y/m/n/8 j\OML/cmm/m/it/8 x \OMS/cmsy/m/n/8 ^^@ \OML/cmm/m/it/8 y$\TU/NotoSansCJ
KTC(0)/m/n/8 .
 []


LaTeX Font Warning: Font shape `TU/NotoSansCJKTC(0)/m/it' undefined
(Font)              using `TU/NotoSansCJKTC(0)/m/n' instead on input line 39.

Missing character: There is no ő (U+0151) in font Noto Sans CJK TC/OT:script=la
tn;language=dflt;mapping=tex-text;!

Underfull \hbox (badness 2707) in paragraph at lines 53--54
[]\TU/NotoSansCJKTC(0)/m/it/8 A sequence $\OT1/cmr/m/n/8 (\OML/cmm/m/it/8 a[]; 
b[]\OT1/cmr/m/n/8 )\OML/cmm/m/it/8 ; [] ; \OT1/cmr/m/n/8 (\OML/cmm/m/it/8 a[]; 
b[]\OT1/cmr/m/n/8 )$ \TU/NotoSansCJKTC(0)/m/it/8 of nonnegative integer pairs
 []


Underfull \hbox (badness 10000) in paragraph at lines 57--58
[]\TU/NotoSansCJKTC(0)/m/it/8 For simple polygon, when points are all integer, 
we have
 []




Package fancyhdr Warning: \footskip is too small (0.0pt): 
(fancyhdr)                Make it at least 3.60004pt, for example:
(fancyhdr)                \setlength{\footskip}{3.60004pt}.

[17])
(|cpp String/ACautomaton.cpp -dD -P -fpreprocessed | tr -d '[:space:]' | md5sum
 | cut -c-6) (./String/ACautomaton.cpp

)
(|cpp String/SuffixArray.cpp -dD -P -fpreprocessed | tr -d '[:space:]' | md5sum
 | cut -c-6) (./String/SuffixArray.cpp)


Package fancyhdr Warning: \footskip is too small (0.0pt): 
(fancyhdr)                Make it at least 3.60004pt, for example:
(fancyhdr)                \setlength{\footskip}{3.60004pt}.

[18]
(|cpp String/Kmp.cpp -dD -P -fpreprocessed | tr -d '[:space:]' | md5sum | cut -
c-6) (./String/Kmp.cpp)
(|cpp String/ZAlgorithm.cpp -dD -P -fpreprocessed | tr -d '[:space:]' | md5sum 
| cut -c-6) (./String/ZAlgorithm.cpp)
(|cpp String/Manacher.cpp -dD -P -fpreprocessed | tr -d '[:space:]' | md5sum | 
cut -c-6) (./String/Manacher.cpp)
(|cpp String/SAM.cpp -dD -P -fpreprocessed | tr -d '[:space:]' | md5sum | cut -
c-6) (./String/SAM.cpp

)
(|cpp String/exSAM.cpp -dD -P -fpreprocessed | tr -d '[:space:]' | md5sum | cut
 -c-6) (./String/exSAM.cpp)
(|cpp DataStructure/LiChaoMin.cpp -dD -P -fpreprocessed | tr -d '[:space:]' | m
d5sum | cut -c-6) (./DataStructure/LiChaoMin.cpp


Package fancyhdr Warning: \footskip is too small (0.0pt): 
(fancyhdr)                Make it at least 3.60004pt, for example:
(fancyhdr)                \setlength{\footskip}{3.60004pt}.

[19])
(|cpp DataStructure/PerfectTreap.cpp -dD -P -fpreprocessed | tr -d '[:space:]' 
| md5sum | cut -c-6) (./DataStructure/PerfectTreap.cpp

)
(|cpp DataStructure/LinkCutTree.cpp -dD -P -fpreprocessed | tr -d '[:space:]' |
 md5sum | cut -c-6) (./DataStructure/LinkCutTree.cpp


Package fancyhdr Warning: \footskip is too small (0.0pt): 
(fancyhdr)                Make it at least 3.60004pt, for example:
(fancyhdr)                \setlength{\footskip}{3.60004pt}.

[20])
(|cpp DataStructure/SegmentTreeBeat.cpp -dD -P -fpreprocessed | tr -d '[:space:
]' | md5sum | cut -c-6) (./DataStructure/SegmentTreeBeat.cpp


Underfull \vbox (badness 10000) has occurred while \output is active []




Package fancyhdr Warning: \footskip is too small (0.0pt): 
(fancyhdr)                Make it at least 3.60004pt, for example:
(fancyhdr)                \setlength{\footskip}{3.60004pt}.

[21]
Underfull \vbox (badness 10000) has occurred while \output is active []



)
(|cpp Misc/TotalBinarySearch.cpp -dD -P -fpreprocessed | tr -d '[:space:]' | md
5sum | cut -c-6) (./Misc/TotalBinarySearch.cpp)
(|cpp Misc/cyc_tsearch.cpp -dD -P -fpreprocessed | tr -d '[:space:]' | md5sum |
 cut -c-6) (./Misc/cyc_tsearch.cpp)
(|cpp Misc/CDQ.cpp -dD -P -fpreprocessed | tr -d '[:space:]' | md5sum | cut -c-
6) (./Misc/CDQ.cpp

LaTeX Font Warning: Font shape `TU/FandolFang-Regular(0)/m/it' undefined
(Font)              using `TU/FandolFang-Regular(0)/m/n' instead on input line 
1.




Package fancyhdr Warning: \footskip is too small (0.0pt): 
(fancyhdr)                Make it at least 3.60004pt, for example:
(fancyhdr)                \setlength{\footskip}{3.60004pt}.

[22]))




Package fancyhdr Warning: \footskip is too small (0.0pt): 
(fancyhdr)                Make it at least 3.60004pt, for example:
(fancyhdr)                \setlength{\footskip}{3.60004pt}.

[23

] (./codebook.aux)
 ***********
LaTeX2e <2024-06-01> patch level 2
L3 programming layer <2022/08/05>
 ***********


LaTeX Font Warning: Some font shapes were not available, defaults substituted.

 ) 
Here is how much of TeX's memory you used:
 12354 strings out of 474235
 272423 string characters out of 5742253
 1960098 words of memory out of 5000000
 34478 multiletter control sequences out of 15000+600000
 566191 words of font info for 116 fonts, out of 8000000 for 9000
 1348 hyphenation exceptions out of 8191
 79i,12n,99p,421b,1670s stack positions out of 10000i,1000n,20000p,200000b,200000s

Output written on codebook.pdf (23 pages).
